<?xml version="1.0" encoding="UTF-8"?>
<testsuite xmlns:xsi="http://www.w3.org/2001/XMLSchema-instance" xsi:noNamespaceSchemaLocation="https://maven.apache.org/surefire/maven-surefire-plugin/xsd/surefire-test-report.xsd" version="3.0.2" name="com.apigateway.user.service.UserServiceApplicationTests" time="23.247" tests="1" errors="0" skipped="0" failures="0">
  <properties>
[...]
</properties>
  <testcase name="contextLoads" classname="com.apigateway.user.service.UserServiceApplicationTests" time="2.619">
    <system-out><![CDATA[23:50:43.983 [main] INFO org.springframework.test.context.support.AnnotationConfigContextLoaderUtils -- Could not detect default configuration classes for test class [com.apigateway.user.service.UserServiceApplicationTests]: UserServiceApplicationTests does not declare any static, non-private, non-final, nested classes annotated with @Configuration.
23:50:44.363 [main] INFO org.springframework.boot.test.context.SpringBootTestContextBootstrapper -- Found @SpringBootConfiguration com.apigateway.user.service.UserServiceApplication for test class com.apigateway.user.service.UserServiceApplicationTests

  .   ____          _            __ _ _
 /\\ / ___'_ __ _ _(_)_ __  __ _ \ \ \ \
( ( )\___ | '_ | '_| | '_ \/ _` | \ \ \ \
 \\/  ___)| |_)| | | | | || (_| |  ) ) ) )
  '  |____| .__|_| |_|_| |_\__, | / / / /
 =========|_|==============|___/=/_/_/_/

 :: Spring Boot ::                (v3.5.0)

2025-06-12T23:50:47.540+05:30  INFO 8084 --- [UserService] [           main] c.a.u.s.UserServiceApplicationTests      : Starting UserServiceApplicationTests using Java 21.0.6 with PID 8084 (started by Admin in F:\ApiGateWayMvc\UserService)
2025-06-12T23:50:47.544+05:30  INFO 8084 --- [UserService] [           main] c.a.u.s.UserServiceApplicationTests      : No active profile set, falling back to 1 default profile: "default"
2025-06-12T23:50:50.351+05:30  INFO 8084 --- [UserService] [           main] .s.d.r.c.RepositoryConfigurationDelegate : Bootstrapping Spring Data JPA repositories in DEFAULT mode.
2025-06-12T23:50:50.773+05:30  INFO 8084 --- [UserService] [           main] .s.d.r.c.RepositoryConfigurationDelegate : Finished Spring Data repository scanning in 391 ms. Found 1 JPA repository interface.
2025-06-12T23:50:51.469+05:30  INFO 8084 --- [UserService] [           main] o.s.cloud.context.scope.GenericScope     : BeanFactory id=d95787c7-eea7-3ace-a224-7996998e9d31
2025-06-12T23:50:52.576+05:30  INFO 8084 --- [UserService] [           main] o.hibernate.jpa.internal.util.LogHelper  : HHH000204: Processing PersistenceUnitInfo [name: default]
2025-06-12T23:50:52.851+05:30  INFO 8084 --- [UserService] [           main] org.hibernate.Version                    : HHH000412: Hibernate ORM core version 6.6.15.Final
2025-06-12T23:50:53.065+05:30  INFO 8084 --- [UserService] [           main] o.h.c.internal.RegionFactoryInitiator    : HHH000026: Second-level cache disabled
2025-06-12T23:50:54.429+05:30  INFO 8084 --- [UserService] [           main] o.s.o.j.p.SpringPersistenceUnitInfo      : No LoadTimeWeaver setup: ignoring JPA class transformer
2025-06-12T23:50:54.531+05:30  INFO 8084 --- [UserService] [           main] com.zaxxer.hikari.HikariDataSource       : HikariPool-1 - Starting...
2025-06-12T23:50:55.689+05:30  INFO 8084 --- [UserService] [           main] com.zaxxer.hikari.pool.HikariPool        : HikariPool-1 - Added connection com.mysql.cj.jdbc.ConnectionImpl@33f2eb04
2025-06-12T23:50:55.695+05:30  INFO 8084 --- [UserService] [           main] com.zaxxer.hikari.HikariDataSource       : HikariPool-1 - Start completed.
2025-06-12T23:50:55.859+05:30  WARN 8084 --- [UserService] [           main] org.hibernate.orm.deprecation            : HHH90000025: MySQL8Dialect does not need to be specified explicitly using 'hibernate.dialect' (remove the property setting and it will be selected by default)
2025-06-12T23:50:55.864+05:30  WARN 8084 --- [UserService] [           main] org.hibernate.orm.deprecation            : HHH90000026: MySQL8Dialect has been deprecated; use org.hibernate.dialect.MySQLDialect instead
2025-06-12T23:50:55.935+05:30  INFO 8084 --- [UserService] [           main] org.hibernate.orm.connections.pooling    : HHH10001005: Database info:
	Database JDBC URL [Connecting through datasource 'HikariDataSource (HikariPool-1)']
	Database driver: undefined/unknown
	Database version: 8.0
	Autocommit mode: undefined/unknown
	Isolation level: undefined/unknown
	Minimum pool size: undefined/unknown
	Maximum pool size: undefined/unknown
2025-06-12T23:50:58.422+05:30  INFO 8084 --- [UserService] [           main] o.h.e.t.j.p.i.JtaPlatformInitiator       : HHH000489: No JTA platform available (set 'hibernate.transaction.jta.platform' to enable JTA platform integration)
2025-06-12T23:50:58.557+05:30  INFO 8084 --- [UserService] [           main] j.LocalContainerEntityManagerFactoryBean : Initialized JPA EntityManagerFactory for persistence unit 'default'
2025-06-12T23:50:59.558+05:30  WARN 8084 --- [UserService] [           main] JpaBaseConfiguration$JpaWebConfiguration : spring.jpa.open-in-view is enabled by default. Therefore, database queries may be performed during view rendering. Explicitly configure spring.jpa.open-in-view to disable this warning
2025-06-12T23:51:01.375+05:30  INFO 8084 --- [UserService] [           main] DiscoveryClientOptionalArgsConfiguration : Eureka HTTP Client uses RestTemplate.
2025-06-12T23:51:01.535+05:30  WARN 8084 --- [UserService] [           main] iguration$LoadBalancerCaffeineWarnLogger : Spring Cloud LoadBalancer is currently working with the default cache. While this cache implementation is useful for development and tests, it's recommended to use Caffeine cache in production.You can switch to using Caffeine cache, by adding it and org.springframework.cache.caffeine.CaffeineCacheManager to the classpath.
2025-06-12T23:51:01.635+05:30  INFO 8084 --- [UserService] [           main] o.s.c.n.eureka.InstanceInfoFactory       : Setting initial instance status as: STARTING
2025-06-12T23:51:01.819+05:30  INFO 8084 --- [UserService] [           main] com.netflix.discovery.DiscoveryClient    : Initializing Eureka in region us-east-1
2025-06-12T23:51:01.834+05:30  INFO 8084 --- [UserService] [           main] c.n.d.s.r.aws.ConfigClusterResolver      : Resolving eureka endpoints via configuration
2025-06-12T23:51:01.908+05:30  INFO 8084 --- [UserService] [           main] com.netflix.discovery.DiscoveryClient    : Disable delta property : false
2025-06-12T23:51:01.908+05:30  INFO 8084 --- [UserService] [           main] com.netflix.discovery.DiscoveryClient    : Single vip registry refresh property : null
2025-06-12T23:51:01.909+05:30  INFO 8084 --- [UserService] [           main] com.netflix.discovery.DiscoveryClient    : Force full registry fetch : false
2025-06-12T23:51:01.909+05:30  INFO 8084 --- [UserService] [           main] com.netflix.discovery.DiscoveryClient    : Application is null : false
2025-06-12T23:51:01.909+05:30  INFO 8084 --- [UserService] [           main] com.netflix.discovery.DiscoveryClient    : Registered Applications size is zero : true
2025-06-12T23:51:01.909+05:30  INFO 8084 --- [UserService] [           main] com.netflix.discovery.DiscoveryClient    : Application version is -1: true
2025-06-12T23:51:01.911+05:30  INFO 8084 --- [UserService] [           main] com.netflix.discovery.DiscoveryClient    : Getting all instance registry info from the eureka server
2025-06-12T23:51:03.846+05:30  INFO 8084 --- [UserService] [           main] com.netflix.discovery.DiscoveryClient    : The response status is 200
2025-06-12T23:51:03.849+05:30  INFO 8084 --- [UserService] [           main] com.netflix.discovery.DiscoveryClient    : Starting heartbeat executor: renew interval is: 30
2025-06-12T23:51:03.855+05:30  INFO 8084 --- [UserService] [           main] c.n.discovery.InstanceInfoReplicator     : InstanceInfoReplicator onDemand update allowed rate per min is 4
2025-06-12T23:51:03.863+05:30  INFO 8084 --- [UserService] [           main] com.netflix.discovery.DiscoveryClient    : Discovery Client initialized at timestamp 1749752463859 with initial instances count: 0
2025-06-12T23:51:03.893+05:30  INFO 8084 --- [UserService] [           main] o.s.c.n.e.s.EurekaServiceRegistry        : Registering application USERSERVICE with eureka with status UP
2025-06-12T23:51:03.898+05:30  INFO 8084 --- [UserService] [           main] com.netflix.discovery.DiscoveryClient    : Saw local status change event StatusChangeEvent [timestamp=1749752463898, current=UP, previous=STARTING]
2025-06-12T23:51:03.903+05:30  INFO 8084 --- [UserService] [foReplicator-%d] com.netflix.discovery.DiscoveryClient    : DiscoveryClient_USERSERVICE/DESKTOP-CTNQKB5:UserService:8081: registering service...
2025-06-12T23:51:04.025+05:30  INFO 8084 --- [UserService] [           main] c.a.u.s.UserServiceApplicationTests      : Started UserServiceApplicationTests in 18.547 seconds (process running for 22.877)
2025-06-12T23:51:04.520+05:30  INFO 8084 --- [UserService] [foReplicator-%d] com.netflix.discovery.DiscoveryClient    : DiscoveryClient_USERSERVICE/DESKTOP-CTNQKB5:UserService:8081 - registration status: 204
]]></system-out>
    <system-err><![CDATA[Mockito is currently self-attaching to enable the inline-mock-maker. This will no longer work in future releases of the JDK. Please add Mockito as an agent to your build as described in Mockito's documentation: https://javadoc.io/doc/org.mockito/mockito-core/latest/org.mockito/org/mockito/Mockito.html#0.3
WARNING: A Java agent has been loaded dynamically (C:\Users\Admin\.m2\repository\net\bytebuddy\byte-buddy-agent\1.17.5\byte-buddy-agent-1.17.5.jar)
WARNING: If a serviceability tool is in use, please run with -XX:+EnableDynamicAgentLoading to hide this warning
WARNING: If a serviceability tool is not in use, please run with -Djdk.instrument.traceUsage for more information
WARNING: Dynamic loading of agents will be disallowed by default in a future release
]]></system-err>
  </testcase>
</testsuite>